<?xml version="1.0" encoding="UTF-8"?>
<!-- Generated by org.testng.reporters.JUnitXMLReporter -->
<testsuite ignored="0" hostname="Nikita-PC" failures="0" tests="4" name="Test" time="0.061" errors="0" timestamp="2025-08-04T13:03:27 IST">
  <testcase classname="pac1.ContactTest" name="createContact" time="0.007"/>
  <testcase classname="pac1.ContactTest" name="modifyContact" time="0.001"/>
  <testcase classname="pac2.OrgTest" name="createOrg" time="0.002"/>
  <testcase classname="pac2.OrgTest" name="modifyOrg" time="0.002"/>
</testsuite> <!-- Test -->
