<?xml version="1.0" encoding="UTF-8"?>
<testng-results ignored="0" total="1" passed="1" failed="0" skipped="0">
  <reporter-output>
  </reporter-output>
  <suite started-at="2025-08-06T10:06:07 IST" name="Default suite" finished-at="2025-08-06T10:06:07 IST" duration-ms="47">
    <groups>
    </groups>
    <test started-at="2025-08-06T10:06:07 IST" name="Default test" finished-at="2025-08-06T10:06:07 IST" duration-ms="47">
      <class name="pac1.ContactTest">
        <test-method signature="createContact()[pri:0, instance:pac1.ContactTest@3e27aa33]" started-at="2025-08-06T10:06:07 IST" name="createContact" finished-at="2025-08-06T10:06:07 IST" duration-ms="8" status="PASS">
          <reporter-output>
          </reporter-output>
        </test-method> <!-- createContact -->
      </class> <!-- pac1.ContactTest -->
    </test> <!-- Default test -->
  </suite> <!-- Default suite -->
</testng-results>
