<?xml version="1.0" encoding="UTF-8"?>
<testng-results ignored="0" total="4" passed="4" failed="0" skipped="0">
  <reporter-output>
  </reporter-output>
  <suite started-at="2025-08-04T13:03:27 IST" name="Suite" finished-at="2025-08-04T13:03:27 IST" duration-ms="61">
    <groups>
    </groups>
    <test started-at="2025-08-04T13:03:27 IST" name="Test" finished-at="2025-08-04T13:03:27 IST" duration-ms="61">
      <class name="pac1.ContactTest">
        <test-method signature="createContact()[pri:0, instance:pac1.ContactTest@6d4d66d2]" started-at="2025-08-04T13:03:27 IST" name="createContact" finished-at="2025-08-04T13:03:27 IST" duration-ms="7" status="PASS">
          <reporter-output>
          </reporter-output>
        </test-method> <!-- createContact -->
        <test-method signature="modifyContact()[pri:0, instance:pac1.ContactTest@6d4d66d2]" started-at="2025-08-04T13:03:27 IST" name="modifyContact" finished-at="2025-08-04T13:03:27 IST" duration-ms="1" status="PASS">
          <reporter-output>
          </reporter-output>
        </test-method> <!-- modifyContact -->
      </class> <!-- pac1.ContactTest -->
      <class name="pac2.OrgTest">
        <test-method signature="createOrg()[pri:0, instance:pac2.OrgTest@470734c3]" started-at="2025-08-04T13:03:27 IST" name="createOrg" finished-at="2025-08-04T13:03:27 IST" duration-ms="2" status="PASS">
          <reporter-output>
          </reporter-output>
        </test-method> <!-- createOrg -->
        <test-method signature="modifyOrg()[pri:0, instance:pac2.OrgTest@470734c3]" started-at="2025-08-04T13:03:27 IST" name="modifyOrg" finished-at="2025-08-04T13:03:27 IST" duration-ms="2" status="PASS">
          <reporter-output>
          </reporter-output>
        </test-method> <!-- modifyOrg -->
      </class> <!-- pac2.OrgTest -->
    </test> <!-- Test -->
  </suite> <!-- Suite -->
</testng-results>
